#
# There is insufficient memory for the Java Runtime Environment to continue.
# Native memory allocation (malloc) failed to allocate 2377776 bytes. Error detail: Chunk::new
# Possible reasons:
#   The system is out of physical RAM or swap space
#   This process is running with CompressedOops enabled, and the Java Heap may be blocking the growth of the native heap
# Possible solutions:
#   Reduce memory load on the system
#   Increase physical memory or swap space
#   Check if swap backing store is full
#   Decrease Java heap size (-Xmx/-Xms)
#   Decrease number of Java threads
#   Decrease Java thread stack sizes (-Xss)
#   Set larger code cache with -XX:ReservedCodeCacheSize=
#   JVM is running with Zero Based Compressed Oops mode in which the Java heap is
#     placed in the first 32GB address space. The Java Heap base address is the
#     maximum limit for the native heap growth. Please use -XX:HeapBaseMinAddress
#     to set the Java Heap base and to place the Java Heap above 32GB virtual address.
# This output file may be truncated or incomplete.
#
#  Out of Memory Error (arena.cpp:168), pid=28564, tid=37468
#
# JRE version: OpenJDK Runtime Environment (21.0.6) (build 21.0.6+-13391695-b895.109)
# Java VM: OpenJDK 64-Bit Server VM (21.0.6+-13391695-b895.109, mixed mode, tiered, compressed oops, compressed class ptrs, g1 gc, windows-amd64)
# No core dump will be written. Minidumps are not enabled by default on client versions of Windows
#

---------------  S U M M A R Y ------------

Command Line: --add-opens=java.base/java.lang=ALL-UNNAMED --add-opens=java.base/java.lang.invoke=ALL-UNNAMED --add-opens=java.base/java.util=ALL-UNNAMED --add-opens=java.prefs/java.util.prefs=ALL-UNNAMED --add-exports=jdk.compiler/com.sun.tools.javac.api=ALL-UNNAMED --add-exports=jdk.compiler/com.sun.tools.javac.util=ALL-UNNAMED --add-opens=java.base/java.util=ALL-UNNAMED --add-opens=java.prefs/java.util.prefs=ALL-UNNAMED --add-opens=java.base/java.nio.charset=ALL-UNNAMED --add-opens=java.base/java.net=ALL-UNNAMED --add-opens=java.base/java.util.concurrent.atomic=ALL-UNNAMED --add-opens=java.xml/javax.xml.namespace=ALL-UNNAMED -Xmx4g -Dfile.encoding=UTF-8 -Duser.country=CN -Duser.language=zh -Duser.variant -javaagent:C:\Users\rin\scoop\apps\gradle\current\.gradle\wrapper\dists\gradle-8.13-bin\5xuhj0ry160q40clulazy9h7d\gradle-8.13\lib\agents\gradle-instrumentation-agent-8.13.jar org.gradle.launcher.daemon.bootstrap.GradleDaemon 8.13

Host: 12th Gen Intel(R) Core(TM) i7-12700H, 20 cores, 15G,  Windows 11 , 64 bit Build 26100 (10.0.26100.5074)
Time: Mon Feb 16 05:21:42 2026  Windows 11 , 64 bit Build 26100 (10.0.26100.5074) elapsed time: 7.332728 seconds (0d 0h 0m 7s)

---------------  T H R E A D  ---------------

Current thread (0x00000203faa7b1b0):  JavaThread "C2 CompilerThread3" daemon [_thread_in_native, id=37468, stack(0x0000002037c00000,0x0000002037d00000) (1024K)]


Current CompileTask:
C2:7332 12352       4       org.gradle.internal.instantiation.generator.AbstractClassGenerator::inspectType (602 bytes)

Stack: [0x0000002037c00000,0x0000002037d00000]
Native frames: (J=compiled Java code, j=interpreted, Vv=VM code, C=native code)
V  [jvm.dll+0x6d0639]
V  [jvm.dll+0x85eb03]
V  [jvm.dll+0x86105e]
V  [jvm.dll+0x861743]
V  [jvm.dll+0x27e6e6]
V  [jvm.dll+0xbff6d]
V  [jvm.dll+0xc04a3]
V  [jvm.dll+0x3b6171]
V  [jvm.dll+0x3820c7]
V  [jvm.dll+0x38153a]
V  [jvm.dll+0x247c82]
V  [jvm.dll+0x247251]
V  [jvm.dll+0x1c5f04]
V  [jvm.dll+0x2569ac]
V  [jvm.dll+0x254ef6]
V  [jvm.dll+0x3f0e96]
V  [jvm.dll+0x806ed8]
V  [jvm.dll+0x6cef0d]
C  [ucrtbase.dll+0x37b0]
C  [KERNEL32.DLL+0x2e8d7]
C  [ntdll.dll+0x8d9c]


---------------  P R O C E S S  ---------------

Threads class SMR info:
_java_thread_list=0x0000020385be4ac0, length=55, elements={
0x00000203df690050, 0x00000203fa7b51b0, 0x00000203fa7b5c00, 0x00000203fa7c86b0,
0x00000203fa7960e0, 0x00000203fa799900, 0x00000203fa79bff0, 0x00000203fa7e2170,
0x00000203fa7e3dd0, 0x00000203fa79ac40, 0x00000203fa9a3700, 0x00000203fa9cfd70,
0x00000203fa79b2d0, 0x00000203faa79d40, 0x00000203faa7a410, 0x00000203faa7b1b0,
0x00000203faa78fa0, 0x00000203fa79c680, 0x00000203fa79cd10, 0x00000203fa79d3a0,
0x00000203fa79da30, 0x0000020381545460, 0x0000020381548f70, 0x0000020381547530,
0x0000020381546180, 0x0000020381546810, 0x0000020381546ea0, 0x0000020381547bc0,
0x0000020381548250, 0x00000203815488e0, 0x0000020381545af0, 0x000002038154a9b0,
0x000002038154c3f0, 0x000002038154b040, 0x000002038154bd60, 0x0000020381549c90,
0x000002038154ca80, 0x00000203844a26c0, 0x00000203844a2d50, 0x00000203844a33e0,
0x00000203844a0c80, 0x000002038449ff60, 0x00000203844a4790, 0x00000203844a4e20,
0x00000203844a4100, 0x00000203844a2030, 0x00000203844a19a0, 0x00000203844a5b40,
0x00000203844a54b0, 0x00000203844a3a70, 0x00000203844a7580, 0x0000020385c4f500,
0x0000020385c4c080, 0x0000020385c4e7e0, 0x0000020385c4cda0
}

Java Threads: ( => current thread )
  0x00000203df690050 JavaThread "main"                              [_thread_blocked, id=32612, stack(0x0000002036100000,0x0000002036200000) (1024K)]
  0x00000203fa7b51b0 JavaThread "Reference Handler"          daemon [_thread_blocked, id=37364, stack(0x0000002036900000,0x0000002036a00000) (1024K)]
  0x00000203fa7b5c00 JavaThread "Finalizer"                  daemon [_thread_blocked, id=37880, stack(0x0000002036a00000,0x0000002036b00000) (1024K)]
  0x00000203fa7c86b0 JavaThread "Signal Dispatcher"          daemon [_thread_blocked, id=33916, stack(0x0000002036b00000,0x0000002036c00000) (1024K)]
  0x00000203fa7960e0 JavaThread "Attach Listener"            daemon [_thread_blocked, id=31596, stack(0x0000002036c00000,0x0000002036d00000) (1024K)]
  0x00000203fa799900 JavaThread "Service Thread"             daemon [_thread_blocked, id=37324, stack(0x0000002036d00000,0x0000002036e00000) (1024K)]
  0x00000203fa79bff0 JavaThread "Monitor Deflation Thread"   daemon [_thread_blocked, id=5128, stack(0x0000002036e00000,0x0000002036f00000) (1024K)]
  0x00000203fa7e2170 JavaThread "C2 CompilerThread0"         daemon [_thread_blocked, id=35484, stack(0x0000002036f00000,0x0000002037000000) (1024K)]
  0x00000203fa7e3dd0 JavaThread "C1 CompilerThread0"         daemon [_thread_blocked, id=30608, stack(0x0000002037000000,0x0000002037100000) (1024K)]
  0x00000203fa79ac40 JavaThread "Common-Cleaner"             daemon [_thread_blocked, id=39268, stack(0x0000002037100000,0x0000002037200000) (1024K)]
  0x00000203fa9a3700 JavaThread "C1 CompilerThread1"         daemon [_thread_blocked, id=28668, stack(0x0000002037200000,0x0000002037300000) (1024K)]
  0x00000203fa9cfd70 JavaThread "C1 CompilerThread2"         daemon [_thread_blocked, id=39808, stack(0x0000002037300000,0x0000002037400000) (1024K)]
  0x00000203fa79b2d0 JavaThread "Notification Thread"        daemon [_thread_blocked, id=38052, stack(0x0000002037400000,0x0000002037500000) (1024K)]
  0x00000203faa79d40 JavaThread "C2 CompilerThread1"         daemon [_thread_blocked, id=38348, stack(0x0000002037500000,0x0000002037600000) (1024K)]
  0x00000203faa7a410 JavaThread "C2 CompilerThread2"         daemon [_thread_in_native, id=29628, stack(0x0000002037600000,0x0000002037700000) (1024K)]
=>0x00000203faa7b1b0 JavaThread "C2 CompilerThread3"         daemon [_thread_in_native, id=37468, stack(0x0000002037c00000,0x0000002037d00000) (1024K)]
  0x00000203faa78fa0 JavaThread "C1 CompilerThread3"         daemon [_thread_blocked, id=38792, stack(0x0000002037e00000,0x0000002037f00000) (1024K)]
  0x00000203fa79c680 JavaThread "Daemon health stats"               [_thread_blocked, id=36756, stack(0x0000002037f00000,0x0000002038000000) (1024K)]
  0x00000203fa79cd10 JavaThread "Incoming local TCP Connector on port 5664"        [_thread_in_native, id=35360, stack(0x0000002038000000,0x0000002038100000) (1024K)]
  0x00000203fa79d3a0 JavaThread "Daemon periodic checks"            [_thread_blocked, id=35320, stack(0x0000002038100000,0x0000002038200000) (1024K)]
  0x00000203fa79da30 JavaThread "Daemon"                            [_thread_blocked, id=36980, stack(0x0000002038200000,0x0000002038300000) (1024K)]
  0x0000020381545460 JavaThread "Handler for socket connection from /127.0.0.1:5664 to /127.0.0.1:5665"        [_thread_in_native, id=5356, stack(0x0000002038300000,0x0000002038400000) (1024K)]
  0x0000020381548f70 JavaThread "Cancel handler"                    [_thread_blocked, id=28168, stack(0x0000002038400000,0x0000002038500000) (1024K)]
  0x0000020381547530 JavaThread "Daemon worker"                     [_thread_in_vm, id=9272, stack(0x0000002038500000,0x0000002038600000) (1024K)]
  0x0000020381546180 JavaThread "Asynchronous log dispatcher for DefaultDaemonConnection: socket connection from /127.0.0.1:5664 to /127.0.0.1:5665"        [_thread_blocked, id=37168, stack(0x0000002038600000,0x0000002038700000) (1024K)]
  0x0000020381546810 JavaThread "Stdin handler"                     [_thread_blocked, id=35876, stack(0x0000002038700000,0x0000002038800000) (1024K)]
  0x0000020381546ea0 JavaThread "Daemon client event forwarder"        [_thread_blocked, id=16444, stack(0x0000002038800000,0x0000002038900000) (1024K)]
  0x0000020381547bc0 JavaThread "Cache worker for journal cache (C:\Users\rin\scoop\apps\gradle\current\.gradle\caches\journal-1)"        [_thread_blocked, id=34984, stack(0x0000002039500000,0x0000002039600000) (1024K)]
  0x0000020381548250 JavaThread "File lock request listener"        [_thread_in_native, id=22736, stack(0x0000002039600000,0x0000002039700000) (1024K)]
  0x00000203815488e0 JavaThread "Cache worker for file hash cache (C:\Users\rin\scoop\apps\gradle\current\.gradle\caches\8.13\fileHashes)"        [_thread_blocked, id=25280, stack(0x0000002039700000,0x0000002039800000) (1024K)]
  0x0000020381545af0 JavaThread "Cache worker for file hash cache (E:\projrcts\ai_web\animegen-android\.gradle\8.13\fileHashes)"        [_thread_blocked, id=19156, stack(0x0000002039800000,0x0000002039900000) (1024K)]
  0x000002038154a9b0 JavaThread "Cache worker for Build Output Cleanup Cache (E:\projrcts\ai_web\animegen-android\.gradle\buildOutputCleanup)"        [_thread_blocked, id=36672, stack(0x0000002039900000,0x0000002039a00000) (1024K)]
  0x000002038154c3f0 JavaThread "File watcher server"        daemon [_thread_in_native, id=40068, stack(0x0000002039a00000,0x0000002039b00000) (1024K)]
  0x000002038154b040 JavaThread "File watcher consumer"      daemon [_thread_blocked, id=40284, stack(0x0000002039b00000,0x0000002039c00000) (1024K)]
  0x000002038154bd60 JavaThread "jar transforms"                    [_thread_blocked, id=21956, stack(0x0000002039c00000,0x0000002039d00000) (1024K)]
  0x0000020381549c90 JavaThread "jar transforms Thread 2"           [_thread_blocked, id=31332, stack(0x0000002039d00000,0x0000002039e00000) (1024K)]
  0x000002038154ca80 JavaThread "Cache worker for checksums cache (E:\projrcts\ai_web\animegen-android\.gradle\8.13\checksums)"        [_thread_blocked, id=37984, stack(0x0000002039e00000,0x0000002039f00000) (1024K)]
  0x00000203844a26c0 JavaThread "Cache worker for file content cache (C:\Users\rin\scoop\apps\gradle\current\.gradle\caches\8.13\fileContent)"        [_thread_blocked, id=9392, stack(0x0000002039f00000,0x000000203a000000) (1024K)]
  0x00000203844a2d50 JavaThread "jar transforms Thread 3"           [_thread_blocked, id=39228, stack(0x000000203a000000,0x000000203a100000) (1024K)]
  0x00000203844a33e0 JavaThread "Cache worker for cache directory md-supplier (C:\Users\rin\scoop\apps\gradle\current\.gradle\caches\8.13\md-supplier)"        [_thread_blocked, id=12128, stack(0x000000203a100000,0x000000203a200000) (1024K)]
  0x00000203844a0c80 JavaThread "Cache worker for cache directory md-rule (C:\Users\rin\scoop\apps\gradle\current\.gradle\caches\8.13\md-rule)"        [_thread_blocked, id=1128, stack(0x000000203a200000,0x000000203a300000) (1024K)]
  0x000002038449ff60 JavaThread "Unconstrained build operations"        [_thread_blocked, id=31868, stack(0x000000203a300000,0x000000203a400000) (1024K)]
  0x00000203844a4790 JavaThread "Unconstrained build operations Thread 2"        [_thread_blocked, id=33912, stack(0x000000203a400000,0x000000203a500000) (1024K)]
  0x00000203844a4e20 JavaThread "jar transforms Thread 4"           [_thread_blocked, id=26404, stack(0x000000203a500000,0x000000203a600000) (1024K)]
  0x00000203844a4100 JavaThread "jar transforms Thread 5"           [_thread_blocked, id=39300, stack(0x000000203a600000,0x000000203a700000) (1024K)]
  0x00000203844a2030 JavaThread "Unconstrained build operations Thread 3"        [_thread_blocked, id=29204, stack(0x000000203a700000,0x000000203a800000) (1024K)]
  0x00000203844a19a0 JavaThread "jar transforms Thread 6"           [_thread_blocked, id=39872, stack(0x000000203a800000,0x000000203a900000) (1024K)]
  0x00000203844a5b40 JavaThread "jar transforms Thread 7"           [_thread_blocked, id=24200, stack(0x000000203a900000,0x000000203aa00000) (1024K)]
  0x00000203844a54b0 JavaThread "jar transforms Thread 8"           [_thread_blocked, id=26832, stack(0x000000203aa00000,0x000000203ab00000) (1024K)]
  0x00000203844a3a70 JavaThread "Unconstrained build operations Thread 4"        [_thread_blocked, id=29784, stack(0x000000203ab00000,0x000000203ac00000) (1024K)]
  0x00000203844a7580 JavaThread "Unconstrained build operations Thread 5"        [_thread_blocked, id=32592, stack(0x000000203ac00000,0x000000203ad00000) (1024K)]
  0x0000020385c4f500 JavaThread "Unconstrained build operations Thread 6"        [_thread_blocked, id=24364, stack(0x000000203ad00000,0x000000203ae00000) (1024K)]
  0x0000020385c4c080 JavaThread "build event listener"              [_thread_blocked, id=14308, stack(0x000000203ae00000,0x000000203af00000) (1024K)]
  0x0000020385c4e7e0 JavaThread "Memory manager"                    [_thread_blocked, id=24928, stack(0x000000203af00000,0x000000203b000000) (1024K)]
  0x0000020385c4cda0 JavaThread "build event listener"              [_thread_blocked, id=27232, stack(0x000000203b000000,0x000000203b100000) (1024K)]
Total: 55

Other Threads:
  0x00000203fa6ed290 VMThread "VM Thread"                           [id=36396, stack(0x0000002036800000,0x0000002036900000) (1024K)]
  0x00000203f9cedce0 WatcherThread "VM Periodic Task Thread"        [id=12156, stack(0x0000002036700000,0x0000002036800000) (1024K)]
  0x00000203df6fbf50 WorkerThread "GC Thread#0"                     [id=2968, stack(0x0000002036200000,0x0000002036300000) (1024K)]
  0x00000203ff27c2c0 WorkerThread "GC Thread#1"                     [id=9756, stack(0x0000002037700000,0x0000002037800000) (1024K)]
  0x00000203ff2c5960 WorkerThread "GC Thread#2"                     [id=36732, stack(0x0000002037800000,0x0000002037900000) (1024K)]
  0x00000203ff3f2870 WorkerThread "GC Thread#3"                     [id=18920, stack(0x0000002037900000,0x0000002037a00000) (1024K)]
  0x00000203ff216440 WorkerThread "GC Thread#4"                     [id=28400, stack(0x0000002037a00000,0x0000002037b00000) (1024K)]
  0x00000203ff2167e0 WorkerThread "GC Thread#5"                     [id=38656, stack(0x0000002037b00000,0x0000002037c00000) (1024K)]
  0x00000203813223b0 WorkerThread "GC Thread#6"                     [id=7432, stack(0x0000002038900000,0x0000002038a00000) (1024K)]
  0x0000020381322750 WorkerThread "GC Thread#7"                     [id=28420, stack(0x0000002038a00000,0x0000002038b00000) (1024K)]
  0x0000020381322af0 WorkerThread "GC Thread#8"                     [id=22604, stack(0x0000002038b00000,0x0000002038c00000) (1024K)]
  0x0000020381322e90 WorkerThread "GC Thread#9"                     [id=39132, stack(0x0000002038c00000,0x0000002038d00000) (1024K)]
  0x00000203811c7500 WorkerThread "GC Thread#10"                    [id=34208, stack(0x0000002038d00000,0x0000002038e00000) (1024K)]
  0x00000203811c88b0 WorkerThread "GC Thread#11"                    [id=36904, stack(0x0000002038e00000,0x0000002038f00000) (1024K)]
  0x00000203812d95b0 WorkerThread "GC Thread#12"                    [id=36220, stack(0x0000002038f00000,0x0000002039000000) (1024K)]
  0x00000203812d8e70 WorkerThread "GC Thread#13"                    [id=36992, stack(0x0000002039000000,0x0000002039100000) (1024K)]
  0x00000203812d8730 WorkerThread "GC Thread#14"                    [id=18612, stack(0x0000002039100000,0x0000002039200000) (1024K)]
  0x00000203df70ce40 ConcurrentGCThread "G1 Main Marker"            [id=37428, stack(0x0000002036300000,0x0000002036400000) (1024K)]
  0x00000203df70e060 WorkerThread "G1 Conc#0"                       [id=40484, stack(0x0000002036400000,0x0000002036500000) (1024K)]
  0x00000203812d8390 WorkerThread "G1 Conc#1"                       [id=38092, stack(0x0000002039200000,0x0000002039300000) (1024K)]
  0x00000203812d9210 WorkerThread "G1 Conc#2"                       [id=35956, stack(0x0000002039300000,0x0000002039400000) (1024K)]
  0x00000203812d9950 WorkerThread "G1 Conc#3"                       [id=7204, stack(0x0000002039400000,0x0000002039500000) (1024K)]
  0x00000203df74ea90 ConcurrentGCThread "G1 Refine#0"               [id=34472, stack(0x0000002036500000,0x0000002036600000) (1024K)]
  0x00000203f9bc44d0 ConcurrentGCThread "G1 Service"                [id=18512, stack(0x0000002036600000,0x0000002036700000) (1024K)]
Total: 24

Threads with active compile tasks:
C2 CompilerThread2  7352 12448   !   4       org.gradle.internal.classloader.CachingClassLoader::loadClass (85 bytes)
C2 CompilerThread3  7352 12352       4       org.gradle.internal.instantiation.generator.AbstractClassGenerator::inspectType (602 bytes)
Total: 2

VM state: not at safepoint (normal execution)

VM Mutex/Monitor currently owned by a thread:  ([mutex/lock_event])
[0x00007ffd65cec1a0] Metaspace_lock - owner thread: 0x0000020381547530

Heap address: 0x0000000700000000, size: 4096 MB, Compressed Oops mode: Zero based, Oop shift amount: 3

CDS archive(s) not mapped
Compressed class space mapped at: 0x0000000800000000-0x0000000840000000, reserved size: 1073741824
Narrow klass base: 0x0000000800000000, Narrow klass shift: 0, Narrow klass range: 0x40000000

GC Precious Log:
 CardTable entry size: 512
 Card Set container configuration: InlinePtr #cards 4 size 8 Array Of Cards #cards 16 size 48 Howl #buckets 8 coarsen threshold 3686 Howl Bitmap #cards 512 size 80 coarsen threshold 460 Card regions per heap region 1 cards per card region 4096
 CPUs: 20 total, 20 available
 Memory: 16004M
 Large Page Support: Disabled
 NUMA Support: Disabled
 Compressed Oops: Enabled (Zero based)
 Heap Region Size: 2M
 Heap Min Capacity: 8M
 Heap Initial Capacity: 252M
 Heap Max Capacity: 4G
 Pre-touch: Disabled
 Parallel Workers: 15
 Concurrent Workers: 4
 Concurrent Refinement Workers: 15
 Periodic GC: Disabled

Heap:
 garbage-first heap   total 239616K, used 175427K [0x0000000700000000, 0x0000000800000000)
  region size 2048K, 44 young (90112K), 4 survivors (8192K)
 Metaspace       used 108329K, committed 110528K, reserved 1179648K
  class space    used 14517K, committed 15616K, reserved 1048576K

Heap Regions: E=young(eden), S=young(survivor), O=old, HS=humongous(starts), HC=humongous(continues), CS=collection set, F=free, TAMS=top-at-mark-start, PB=parsable bottom
|   0|0x0000000700000000, 0x0000000700200000, 0x0000000700200000|100%|HS|  |TAMS 0x0000000700000000| PB 0x0000000700000000| Complete 
|   1|0x0000000700200000, 0x0000000700400000, 0x0000000700400000|100%|HC|  |TAMS 0x0000000700200000| PB 0x0000000700200000| Complete 
|   2|0x0000000700400000, 0x0000000700600000, 0x0000000700600000|100%| O|  |TAMS 0x0000000700400000| PB 0x0000000700400000| Untracked 
|   3|0x0000000700600000, 0x0000000700800000, 0x0000000700800000|100%| O|  |TAMS 0x0000000700600000| PB 0x0000000700600000| Untracked 
|   4|0x0000000700800000, 0x0000000700a00000, 0x0000000700a00000|100%| O|  |TAMS 0x0000000700800000| PB 0x0000000700800000| Untracked 
|   5|0x0000000700a00000, 0x0000000700c00000, 0x0000000700c00000|100%| O|  |TAMS 0x0000000700a00000| PB 0x0000000700a00000| Untracked 
|   6|0x0000000700c00000, 0x0000000700e00000, 0x0000000700e00000|100%| O|  |TAMS 0x0000000700c00000| PB 0x0000000700c00000| Untracked 
|   7|0x0000000700e00000, 0x0000000701000000, 0x0000000701000000|100%| O|  |TAMS 0x0000000700e00000| PB 0x0000000700e00000| Untracked 
|   8|0x0000000701000000, 0x0000000701200000, 0x0000000701200000|100%| O|  |TAMS 0x0000000701000000| PB 0x0000000701000000| Untracked 
|   9|0x0000000701200000, 0x0000000701400000, 0x0000000701400000|100%| O|  |TAMS 0x0000000701200000| PB 0x0000000701200000| Untracked 
|  10|0x0000000701400000, 0x0000000701600000, 0x0000000701600000|100%| O|  |TAMS 0x0000000701400000| PB 0x0000000701400000| Untracked 
|  11|0x0000000701600000, 0x0000000701800000, 0x0000000701800000|100%| O|  |TAMS 0x0000000701600000| PB 0x0000000701600000| Untracked 
|  12|0x0000000701800000, 0x0000000701a00000, 0x0000000701a00000|100%| O|  |TAMS 0x0000000701800000| PB 0x0000000701800000| Untracked 
|  13|0x0000000701a00000, 0x0000000701c00000, 0x0000000701c00000|100%| O|  |TAMS 0x0000000701a00000| PB 0x0000000701a00000| Untracked 
|  14|0x0000000701c00000, 0x0000000701e00000, 0x0000000701e00000|100%| O|  |TAMS 0x0000000701c00000| PB 0x0000000701c00000| Untracked 
|  15|0x0000000701e00000, 0x0000000702000000, 0x0000000702000000|100%| O|  |TAMS 0x0000000701e00000| PB 0x0000000701e00000| Untracked 
|  16|0x0000000702000000, 0x0000000702200000, 0x0000000702200000|100%| O|  |TAMS 0x0000000702000000| PB 0x0000000702000000| Untracked 
|  17|0x0000000702200000, 0x0000000702400000, 0x0000000702400000|100%| O|  |TAMS 0x0000000702200000| PB 0x0000000702200000| Untracked 
|  18|0x0000000702400000, 0x0000000702600000, 0x0000000702600000|100%|HS|  |TAMS 0x0000000702400000| PB 0x0000000702400000| Complete 
|  19|0x0000000702600000, 0x0000000702800000, 0x0000000702800000|100%|HS|  |TAMS 0x0000000702600000| PB 0x0000000702600000| Complete 
|  20|0x0000000702800000, 0x0000000702a00000, 0x0000000702a00000|100%|HC|  |TAMS 0x0000000702800000| PB 0x0000000702800000| Complete 
|  21|0x0000000702a00000, 0x0000000702c00000, 0x0000000702c00000|100%|HS|  |TAMS 0x0000000702a00000| PB 0x0000000702a00000| Complete 
|  22|0x0000000702c00000, 0x0000000702e00000, 0x0000000702e00000|100%| O|  |TAMS 0x0000000702c00000| PB 0x0000000702c00000| Untracked 
|  23|0x0000000702e00000, 0x0000000703000000, 0x0000000703000000|100%| O|  |TAMS 0x0000000702e00000| PB 0x0000000702e00000| Untracked 
|  24|0x0000000703000000, 0x0000000703200000, 0x0000000703200000|100%| O|  |TAMS 0x0000000703000000| PB 0x0000000703000000| Untracked 
|  25|0x0000000703200000, 0x0000000703400000, 0x0000000703400000|100%| O|  |TAMS 0x0000000703200000| PB 0x0000000703200000| Untracked 
|  26|0x0000000703400000, 0x0000000703600000, 0x0000000703600000|100%| O|  |TAMS 0x0000000703400000| PB 0x0000000703400000| Untracked 
|  27|0x0000000703600000, 0x0000000703800000, 0x0000000703800000|100%| O|  |TAMS 0x0000000703600000| PB 0x0000000703600000| Untracked 
|  28|0x0000000703800000, 0x0000000703a00000, 0x0000000703a00000|100%| O|  |TAMS 0x0000000703800000| PB 0x0000000703800000| Untracked 
|  29|0x0000000703a00000, 0x0000000703c00000, 0x0000000703c00000|100%| O|  |TAMS 0x0000000703a00000| PB 0x0000000703a00000| Untracked 
|  30|0x0000000703c00000, 0x0000000703e00000, 0x0000000703e00000|100%| O|  |TAMS 0x0000000703c00000| PB 0x0000000703c00000| Untracked 
|  31|0x0000000703e00000, 0x0000000704000000, 0x0000000704000000|100%| O|  |TAMS 0x0000000703e00000| PB 0x0000000703e00000| Untracked 
|  32|0x0000000704000000, 0x0000000704200000, 0x0000000704200000|100%|HS|  |TAMS 0x0000000704000000| PB 0x0000000704000000| Complete 
|  33|0x0000000704200000, 0x0000000704400000, 0x0000000704400000|100%|HC|  |TAMS 0x0000000704200000| PB 0x0000000704200000| Complete 
|  34|0x0000000704400000, 0x0000000704600000, 0x0000000704600000|100%| O|  |TAMS 0x0000000704400000| PB 0x0000000704400000| Untracked 
|  35|0x0000000704600000, 0x000000070477ce98, 0x0000000704800000| 74%| O|  |TAMS 0x0000000704600000| PB 0x0000000704600000| Untracked 
|  36|0x0000000704800000, 0x0000000704800000, 0x0000000704a00000|  0%| F|  |TAMS 0x0000000704800000| PB 0x0000000704800000| Untracked 
|  37|0x0000000704a00000, 0x0000000704a00000, 0x0000000704c00000|  0%| F|  |TAMS 0x0000000704a00000| PB 0x0000000704a00000| Untracked 
|  38|0x0000000704c00000, 0x0000000704c00000, 0x0000000704e00000|  0%| F|  |TAMS 0x0000000704c00000| PB 0x0000000704c00000| Untracked 
|  39|0x0000000704e00000, 0x0000000704e00000, 0x0000000705000000|  0%| F|  |TAMS 0x0000000704e00000| PB 0x0000000704e00000| Untracked 
|  40|0x0000000705000000, 0x0000000705000000, 0x0000000705200000|  0%| F|  |TAMS 0x0000000705000000| PB 0x0000000705000000| Untracked 
|  41|0x0000000705200000, 0x0000000705200000, 0x0000000705400000|  0%| F|  |TAMS 0x0000000705200000| PB 0x0000000705200000| Untracked 
|  42|0x0000000705400000, 0x0000000705400000, 0x0000000705600000|  0%| F|  |TAMS 0x0000000705400000| PB 0x0000000705400000| Untracked 
|  43|0x0000000705600000, 0x0000000705600000, 0x0000000705800000|  0%| F|  |TAMS 0x0000000705600000| PB 0x0000000705600000| Untracked 
|  44|0x0000000705800000, 0x0000000705800000, 0x0000000705a00000|  0%| F|  |TAMS 0x0000000705800000| PB 0x0000000705800000| Untracked 
|  45|0x0000000705a00000, 0x0000000705a00000, 0x0000000705c00000|  0%| F|  |TAMS 0x0000000705a00000| PB 0x0000000705a00000| Untracked 
|  46|0x0000000705c00000, 0x0000000705c00000, 0x0000000705e00000|  0%| F|  |TAMS 0x0000000705c00000| PB 0x0000000705c00000| Untracked 
|  47|0x0000000705e00000, 0x0000000705fd3e60, 0x0000000706000000| 91%| S|CS|TAMS 0x0000000705e00000| PB 0x0000000705e00000| Complete 
|  48|0x0000000706000000, 0x0000000706200000, 0x0000000706200000|100%| S|CS|TAMS 0x0000000706000000| PB 0x0000000706000000| Complete 
|  49|0x0000000706200000, 0x0000000706400000, 0x0000000706400000|100%| S|CS|TAMS 0x0000000706200000| PB 0x0000000706200000| Complete 
|  50|0x0000000706400000, 0x0000000706600000, 0x0000000706600000|100%| S|CS|TAMS 0x0000000706400000| PB 0x0000000706400000| Complete 
|  51|0x0000000706600000, 0x0000000706600000, 0x0000000706800000|  0%| F|  |TAMS 0x0000000706600000| PB 0x0000000706600000| Untracked 
|  52|0x0000000706800000, 0x0000000706800000, 0x0000000706a00000|  0%| F|  |TAMS 0x0000000706800000| PB 0x0000000706800000| Untracked 
|  53|0x0000000706a00000, 0x0000000706a00000, 0x0000000706c00000|  0%| F|  |TAMS 0x0000000706a00000| PB 0x0000000706a00000| Untracked 
|  54|0x0000000706c00000, 0x0000000706c00000, 0x0000000706e00000|  0%| F|  |TAMS 0x0000000706c00000| PB 0x0000000706c00000| Untracked 
|  55|0x0000000706e00000, 0x0000000706e00000, 0x0000000707000000|  0%| F|  |TAMS 0x0000000706e00000| PB 0x0000000706e00000| Untracked 
|  56|0x0000000707000000, 0x0000000707000000, 0x0000000707200000|  0%| F|  |TAMS 0x0000000707000000| PB 0x0000000707000000| Untracked 
|  57|0x0000000707200000, 0x0000000707200000, 0x0000000707400000|  0%| F|  |TAMS 0x0000000707200000| PB 0x0000000707200000| Untracked 
|  58|0x0000000707400000, 0x0000000707400000, 0x0000000707600000|  0%| F|  |TAMS 0x0000000707400000| PB 0x0000000707400000| Untracked 
|  59|0x0000000707600000, 0x0000000707600000, 0x0000000707800000|  0%| F|  |TAMS 0x0000000707600000| PB 0x0000000707600000| Untracked 
|  60|0x0000000707800000, 0x0000000707800000, 0x0000000707a00000|  0%| F|  |TAMS 0x0000000707800000| PB 0x0000000707800000| Untracked 
|  61|0x0000000707a00000, 0x0000000707a00000, 0x0000000707c00000|  0%| F|  |TAMS 0x0000000707a00000| PB 0x0000000707a00000| Untracked 
|  62|0x0000000707c00000, 0x0000000707c00000, 0x0000000707e00000|  0%| F|  |TAMS 0x0000000707c00000| PB 0x0000000707c00000| Untracked 
|  63|0x0000000707e00000, 0x0000000707e00000, 0x0000000708000000|  0%| F|  |TAMS 0x0000000707e00000| PB 0x0000000707e00000| Untracked 
|  64|0x0000000708000000, 0x0000000708000000, 0x0000000708200000|  0%| F|  |TAMS 0x0000000708000000| PB 0x0000000708000000| Untracked 
|  65|0x0000000708200000, 0x0000000708200000, 0x0000000708400000|  0%| F|  |TAMS 0x0000000708200000| PB 0x0000000708200000| Untracked 
|  66|0x0000000708400000, 0x0000000708400000, 0x0000000708600000|  0%| F|  |TAMS 0x0000000708400000| PB 0x0000000708400000| Untracked 
|  67|0x0000000708600000, 0x0000000708600000, 0x0000000708800000|  0%| F|  |TAMS 0x0000000708600000| PB 0x0000000708600000| Untracked 
|  68|0x0000000708800000, 0x0000000708800000, 0x0000000708a00000|  0%| F|  |TAMS 0x0000000708800000| PB 0x0000000708800000| Untracked 
|  69|0x0000000708a00000, 0x0000000708a00000, 0x0000000708c00000|  0%| F|  |TAMS 0x0000000708a00000| PB 0x0000000708a00000| Untracked 
|  70|0x0000000708c00000, 0x0000000708d00000, 0x0000000708e00000| 50%| E|  |TAMS 0x0000000708c00000| PB 0x0000000708c00000| Complete 
|  71|0x0000000708e00000, 0x0000000709000000, 0x0000000709000000|100%| E|CS|TAMS 0x0000000708e00000| PB 0x0000000708e00000| Complete 
|  72|0x0000000709000000, 0x0000000709200000, 0x0000000709200000|100%| E|CS|TAMS 0x0000000709000000| PB 0x0000000709000000| Complete 
|  73|0x0000000709200000, 0x0000000709400000, 0x0000000709400000|100%| E|CS|TAMS 0x0000000709200000| PB 0x0000000709200000| Complete 
|  74|0x0000000709400000, 0x0000000709600000, 0x0000000709600000|100%| E|CS|TAMS 0x0000000709400000| PB 0x0000000709400000| Complete 
|  75|0x0000000709600000, 0x0000000709800000, 0x0000000709800000|100%| E|CS|TAMS 0x0000000709600000| PB 0x0000000709600000| Complete 
|  76|0x0000000709800000, 0x0000000709a00000, 0x0000000709a00000|100%| E|CS|TAMS 0x0000000709800000| PB 0x0000000709800000| Complete 
|  77|0x0000000709a00000, 0x0000000709c00000, 0x0000000709c00000|100%| E|CS|TAMS 0x0000000709a00000| PB 0x0000000709a00000| Complete 
|  78|0x0000000709c00000, 0x0000000709e00000, 0x0000000709e00000|100%| E|CS|TAMS 0x0000000709c00000| PB 0x0000000709c00000| Complete 
|  79|0x0000000709e00000, 0x000000070a000000, 0x000000070a000000|100%| E|CS|TAMS 0x0000000709e00000| PB 0x0000000709e00000| Complete 
|  80|0x000000070a000000, 0x000000070a200000, 0x000000070a200000|100%| E|CS|TAMS 0x000000070a000000| PB 0x000000070a000000| Complete 
|  81|0x000000070a200000, 0x000000070a400000, 0x000000070a400000|100%| E|CS|TAMS 0x000000070a200000| PB 0x000000070a200000| Complete 
|  82|0x000000070a400000, 0x000000070a600000, 0x000000070a600000|100%| E|CS|TAMS 0x000000070a400000| PB 0x000000070a400000| Complete 
|  83|0x000000070a600000, 0x000000070a800000, 0x000000070a800000|100%| E|CS|TAMS 0x000000070a600000| PB 0x000000070a600000| Complete 
|  84|0x000000070a800000, 0x000000070aa00000, 0x000000070aa00000|100%| E|CS|TAMS 0x000000070a800000| PB 0x000000070a800000| Complete 
|  85|0x000000070aa00000, 0x000000070ac00000, 0x000000070ac00000|100%| E|CS|TAMS 0x000000070aa00000| PB 0x000000070aa00000| Complete 
|  86|0x000000070ac00000, 0x000000070ae00000, 0x000000070ae00000|100%| E|CS|TAMS 0x000000070ac00000| PB 0x000000070ac00000| Complete 
|  87|0x000000070ae00000, 0x000000070b000000, 0x000000070b000000|100%| E|CS|TAMS 0x000000070ae00000| PB 0x000000070ae00000| Complete 
|  88|0x000000070b000000, 0x000000070b200000, 0x000000070b200000|100%| E|CS|TAMS 0x000000070b000000| PB 0x000000070b000000| Complete 
|  89|0x000000070b200000, 0x000000070b400000, 0x000000070b400000|100%| E|CS|TAMS 0x000000070b200000| PB 0x000000070b200000| Complete 
|  90|0x000000070b400000, 0x000000070b600000, 0x000000070b600000|100%| E|CS|TAMS 0x000000070b400000| PB 0x000000070b400000| Complete 
|  91|0x000000070b600000, 0x000000070b800000, 0x000000070b800000|100%| E|CS|TAMS 0x000000070b600000| PB 0x000000070b600000| Complete 
|  92|0x000000070b800000, 0x000000070ba00000, 0x000000070ba00000|100%| E|CS|TAMS 0x000000070b800000| PB 0x000000070b800000| Complete 
|  93|0x000000070ba00000, 0x000000070bc00000, 0x000000070bc00000|100%| E|CS|TAMS 0x000000070ba00000| PB 0x000000070ba00000| Complete 
|  94|0x000000070bc00000, 0x000000070be00000, 0x000000070be00000|100%| E|CS|TAMS 0x000000070bc00000| PB 0x000000070bc00000| Complete 
|  95|0x000000070be00000, 0x000000070c000000, 0x000000070c000000|100%| E|CS|TAMS 0x000000070be00000| PB 0x000000070be00000| Complete 
|  96|0x000000070c000000, 0x000000070c200000, 0x000000070c200000|100%| E|CS|TAMS 0x000000070c000000| PB 0x000000070c000000| Complete 
|  97|0x000000070c200000, 0x000000070c400000, 0x000000070c400000|100%| E|CS|TAMS 0x000000070c200000| PB 0x000000070c200000| Complete 
|  98|0x000000070c400000, 0x000000070c600000, 0x000000070c600000|100%| E|CS|TAMS 0x000000070c400000| PB 0x000000070c400000| Complete 
|  99|0x000000070c600000, 0x000000070c800000, 0x000000070c800000|100%| E|CS|TAMS 0x000000070c600000| PB 0x000000070c600000| Complete 
| 100|0x000000070c800000, 0x000000070ca00000, 0x000000070ca00000|100%| E|CS|TAMS 0x000000070c800000| PB 0x000000070c800000| Complete 
| 101|0x000000070ca00000, 0x000000070cc00000, 0x000000070cc00000|100%| E|CS|TAMS 0x000000070ca00000| PB 0x000000070ca00000| Complete 
| 102|0x000000070cc00000, 0x000000070ce00000, 0x000000070ce00000|100%| E|CS|TAMS 0x000000070cc00000| PB 0x000000070cc00000| Complete 
| 103|0x000000070ce00000, 0x000000070d000000, 0x000000070d000000|100%| E|CS|TAMS 0x000000070ce00000| PB 0x000000070ce00000| Complete 
| 104|0x000000070d000000, 0x000000070d200000, 0x000000070d200000|100%| E|CS|TAMS 0x000000070d000000| PB 0x000000070d000000| Complete 
| 105|0x000000070d200000, 0x000000070d400000, 0x000000070d400000|100%| E|CS|TAMS 0x000000070d200000| PB 0x000000070d200000| Complete 
| 106|0x000000070d400000, 0x000000070d600000, 0x000000070d600000|100%| E|CS|TAMS 0x000000070d400000| PB 0x000000070d400000| Complete 
| 107|0x000000070d600000, 0x000000070d800000, 0x000000070d800000|100%| E|CS|TAMS 0x000000070d600000| PB 0x000000070d600000| Complete 
| 125|0x000000070fa00000, 0x000000070fc00000, 0x000000070fc00000|100%| E|CS|TAMS 0x000000070fa00000| PB 0x000000070fa00000| Complete 
|2040|0x00000007ff000000, 0x00000007ff200000, 0x00000007ff200000|100%| O|  |TAMS 0x00000007ff000000| PB 0x00000007ff000000| Untracked 
|2041|0x00000007ff200000, 0x00000007ff400000, 0x00000007ff400000|100%| E|CS|TAMS 0x00000007ff200000| PB 0x00000007ff200000| Complete 
|2042|0x00000007ff400000, 0x00000007ff600000, 0x00000007ff600000|100%| O|  |TAMS 0x00000007ff400000| PB 0x00000007ff400000| Untracked 
|2043|0x00000007ff600000, 0x00000007ff800000, 0x00000007ff800000|100%| O|  |TAMS 0x00000007ff600000| PB 0x00000007ff600000| Untracked 
|2044|0x00000007ff800000, 0x00000007ffa00000, 0x00000007ffa00000|100%| O|  |TAMS 0x00000007ff800000| PB 0x00000007ff800000| Untracked 
|2045|0x00000007ffa00000, 0x00000007ffc00000, 0x00000007ffc00000|100%| O|  |TAMS 0x00000007ffa00000| PB 0x00000007ffa00000| Untracked 
|2046|0x00000007ffc00000, 0x00000007ffe00000, 0x00000007ffe00000|100%| O|  |TAMS 0x00000007ffc00000| PB 0x00000007ffc00000| Untracked 
|2047|0x00000007ffe00000, 0x0000000800000000, 0x0000000800000000|100%| O|  |TAMS 0x00000007ffe00000| PB 0x00000007ffe00000| Untracked 

Card table byte_map: [0x00000203f2a90000,0x00000203f3290000] _byte_map_base: 0x00000203ef290000

Marking Bits: (CMBitMap*) 0x00000203df6fc560
 Bits: [0x00000203f3290000, 0x00000203f7290000)

Polling page: 0x00000203dd7c0000

Metaspace:

Usage:
  Non-class:     91.61 MB used.
      Class:     14.18 MB used.
       Both:    105.79 MB used.

Virtual space:
  Non-class space:      128.00 MB reserved,      92.69 MB ( 72%) committed,  2 nodes.
      Class space:        1.00 GB reserved,      15.25 MB (  1%) committed,  1 nodes.
             Both:        1.12 GB reserved,     107.94 MB (  9%) committed. 

Chunk freelists:
   Non-Class:  3.17 MB
       Class:  800.00 KB
        Both:  3.95 MB

MaxMetaspaceSize: unlimited
CompressedClassSpaceSize: 1.00 GB
Initial GC threshold: 21.00 MB
Current GC threshold: 149.50 MB
CDS: off
 - commit_granule_bytes: 65536.
 - commit_granule_words: 8192.
 - virtual_space_node_default_size: 8388608.
 - enlarge_chunks_in_place: 1.
 - use_allocation_guard: 0.


Internal statistics:

num_allocs_failed_limit: 9.
num_arena_births: 4176.
num_arena_deaths: 0.
num_vsnodes_births: 3.
num_vsnodes_deaths: 0.
num_space_committed: 1727.
num_space_uncommitted: 0.
num_chunks_returned_to_freelist: 9.
num_chunks_taken_from_freelist: 8777.
num_chunk_merges: 9.
num_chunk_splits: 5770.
num_chunks_enlarged: 3600.
num_inconsistent_stats: 0.

CodeHeap 'non-profiled nmethods': size=119168Kb used=6834Kb max_used=6834Kb free=112333Kb
 bounds [0x00000203ea380000, 0x00000203eaa30000, 0x00000203f17e0000]
CodeHeap 'profiled nmethods': size=119104Kb used=21183Kb max_used=21183Kb free=97920Kb
 bounds [0x00000203e27e0000, 0x00000203e3c90000, 0x00000203e9c30000]
CodeHeap 'non-nmethods': size=7488Kb used=4575Kb max_used=4607Kb free=2912Kb
 bounds [0x00000203e9c30000, 0x00000203ea0c0000, 0x00000203ea380000]
 total_blobs=11967 nmethods=10968 adapters=900
 compilation: enabled
              stopped_count=0, restarted_count=0
 full_count=0

Compilation events (20 events):
Event: 7.294 Thread 0x00000203fa7e2170 nmethod 12436 0x00000203eaa21810 code [0x00000203eaa219c0, 0x00000203eaa21ae0]
Event: 7.297 Thread 0x00000203faa7a410 nmethod 12433 0x00000203eaa21c10 code [0x00000203eaa21f20, 0x00000203eaa22be8]
Event: 7.298 Thread 0x00000203faa78fa0 12437       3       java.io.WinNTFileSystem::normalize (224 bytes)
Event: 7.299 Thread 0x00000203faa79d40 nmethod 12430 0x00000203eaa23390 code [0x00000203eaa23720, 0x00000203eaa24b88]
Event: 7.299 Thread 0x00000203faa78fa0 nmethod 12437 0x00000203e3c88390 code [0x00000203e3c88780, 0x00000203e3c8a1c8]
Event: 7.300 Thread 0x00000203fa9cfd70 12438   !   3       sun.reflect.annotation.AnnotationParser::parseEnumValue (123 bytes)
Event: 7.300 Thread 0x00000203fa9cfd70 nmethod 12438 0x00000203e3c8ac10 code [0x00000203e3c8af40, 0x00000203e3c8bda8]
Event: 7.316 Thread 0x00000203faa7a410 12439       4       java.util.regex.Pattern$$Lambda/0x000000080009ec68::is (13 bytes)
Event: 7.317 Thread 0x00000203faa7a410 nmethod 12439 0x00000203eaa25610 code [0x00000203eaa257c0, 0x00000203eaa25958]
Event: 7.320 Thread 0x00000203fa7e2170 12440   !   4       java.nio.DirectIntBufferU::get (34 bytes)
Event: 7.321 Thread 0x00000203fa7e2170 nmethod 12440 0x00000203eaa25b10 code [0x00000203eaa25ca0, 0x00000203eaa25da0]
Event: 7.327 Thread 0x00000203fa7e2170 12441       4       jdk.internal.jimage.ImageLocation::verify (218 bytes)
Event: 7.327 Thread 0x00000203fa9cfd70 12442       3       jdk.internal.module.Resources::toPackageName (39 bytes)
Event: 7.327 Thread 0x00000203faa79d40 12443       4       java.util.concurrent.ConcurrentHashMap$ValueIterator::next (34 bytes)
Event: 7.327 Thread 0x00000203fa9a3700 12444   !   3       jdk.internal.loader.BuiltinClassLoader::findMiscResource (122 bytes)
Event: 7.327 Thread 0x00000203fa9cfd70 nmethod 12442 0x00000203e3c8c490 code [0x00000203e3c8c6c0, 0x00000203e3c8cd38]
Event: 7.327 Thread 0x00000203fa9a3700 nmethod 12444 0x00000203e3c8d010 code [0x00000203e3c8d2e0, 0x00000203e3c8e638]
Event: 7.328 Thread 0x00000203fa9a3700 12445       3       java.lang.ModuleLayer::boot (4 bytes)
Event: 7.328 Thread 0x00000203fa9a3700 nmethod 12445 0x00000203e3c8eb10 code [0x00000203e3c8eca0, 0x00000203e3c8eda0]
Event: 7.329 Thread 0x00000203faa79d40 nmethod 12443 0x00000203eaa25f10 code [0x00000203eaa260c0, 0x00000203eaa26540]

GC Heap History (20 events):
Event: 3.443 GC heap before
{Heap before GC invocations=10 (full 0):
 garbage-first heap   total 147456K, used 111441K [0x0000000700000000, 0x0000000800000000)
  region size 2048K, 43 young (88064K), 5 survivors (10240K)
 Metaspace       used 58266K, committed 59776K, reserved 1114112K
  class space    used 7778K, committed 8512K, reserved 1048576K
}
Event: 3.448 GC heap after
{Heap after GC invocations=11 (full 0):
 garbage-first heap   total 147456K, used 40401K [0x0000000700000000, 0x0000000800000000)
  region size 2048K, 6 young (12288K), 6 survivors (12288K)
 Metaspace       used 58266K, committed 59776K, reserved 1114112K
  class space    used 7778K, committed 8512K, reserved 1048576K
}
Event: 3.476 GC heap before
{Heap before GC invocations=11 (full 0):
 garbage-first heap   total 147456K, used 44497K [0x0000000700000000, 0x0000000800000000)
  region size 2048K, 9 young (18432K), 6 survivors (12288K)
 Metaspace       used 58842K, committed 60416K, reserved 1114112K
  class space    used 7852K, committed 8640K, reserved 1048576K
}
Event: 3.479 GC heap after
{Heap after GC invocations=12 (full 0):
 garbage-first heap   total 147456K, used 40579K [0x0000000700000000, 0x0000000800000000)
  region size 2048K, 3 young (6144K), 3 survivors (6144K)
 Metaspace       used 58842K, committed 60416K, reserved 1114112K
  class space    used 7852K, committed 8640K, reserved 1048576K
}
Event: 4.033 GC heap before
{Heap before GC invocations=13 (full 0):
 garbage-first heap   total 143360K, used 120451K [0x0000000700000000, 0x0000000800000000)
  region size 2048K, 42 young (86016K), 3 survivors (6144K)
 Metaspace       used 68911K, committed 70656K, reserved 1114112K
  class space    used 9364K, committed 10240K, reserved 1048576K
}
Event: 4.037 GC heap after
{Heap after GC invocations=14 (full 0):
 garbage-first heap   total 143360K, used 44178K [0x0000000700000000, 0x0000000800000000)
  region size 2048K, 5 young (10240K), 5 survivors (10240K)
 Metaspace       used 68911K, committed 70656K, reserved 1114112K
  class space    used 9364K, committed 10240K, reserved 1048576K
}
Event: 4.542 GC heap before
{Heap before GC invocations=14 (full 0):
 garbage-first heap   total 143360K, used 117906K [0x0000000700000000, 0x0000000800000000)
  region size 2048K, 42 young (86016K), 5 survivors (10240K)
 Metaspace       used 70137K, committed 71936K, reserved 1114112K
  class space    used 9409K, committed 10304K, reserved 1048576K
}
Event: 4.547 GC heap after
{Heap after GC invocations=15 (full 0):
 garbage-first heap   total 143360K, used 48559K [0x0000000700000000, 0x0000000800000000)
  region size 2048K, 5 young (10240K), 5 survivors (10240K)
 Metaspace       used 70137K, committed 71936K, reserved 1114112K
  class space    used 9409K, committed 10304K, reserved 1048576K
}
Event: 4.823 GC heap before
{Heap before GC invocations=15 (full 0):
 garbage-first heap   total 143360K, used 109999K [0x0000000700000000, 0x0000000800000000)
  region size 2048K, 37 young (75776K), 5 survivors (10240K)
 Metaspace       used 70836K, committed 72576K, reserved 1114112K
  class space    used 9499K, committed 10368K, reserved 1048576K
}
Event: 4.827 GC heap after
{Heap after GC invocations=16 (full 0):
 garbage-first heap   total 143360K, used 53676K [0x0000000700000000, 0x0000000800000000)
  region size 2048K, 5 young (10240K), 5 survivors (10240K)
 Metaspace       used 70836K, committed 72576K, reserved 1114112K
  class space    used 9499K, committed 10368K, reserved 1048576K
}
Event: 5.199 GC heap before
{Heap before GC invocations=17 (full 0):
 garbage-first heap   total 143360K, used 129452K [0x0000000700000000, 0x0000000800000000)
  region size 2048K, 39 young (79872K), 5 survivors (10240K)
 Metaspace       used 75815K, committed 77632K, reserved 1179648K
  class space    used 10051K, committed 10944K, reserved 1048576K
}
Event: 5.204 GC heap after
{Heap after GC invocations=18 (full 0):
 garbage-first heap   total 198656K, used 73963K [0x0000000700000000, 0x0000000800000000)
  region size 2048K, 5 young (10240K), 5 survivors (10240K)
 Metaspace       used 75815K, committed 77632K, reserved 1179648K
  class space    used 10051K, committed 10944K, reserved 1048576K
}
Event: 5.633 GC heap before
{Heap before GC invocations=18 (full 0):
 garbage-first heap   total 198656K, used 155883K [0x0000000700000000, 0x0000000800000000)
  region size 2048K, 46 young (94208K), 5 survivors (10240K)
 Metaspace       used 83932K, committed 85888K, reserved 1179648K
  class space    used 11083K, committed 12096K, reserved 1048576K
}
Event: 5.637 GC heap after
{Heap after GC invocations=19 (full 0):
 garbage-first heap   total 198656K, used 81079K [0x0000000700000000, 0x0000000800000000)
  region size 2048K, 4 young (8192K), 4 survivors (8192K)
 Metaspace       used 83932K, committed 85888K, reserved 1179648K
  class space    used 11083K, committed 12096K, reserved 1048576K
}
Event: 5.987 GC heap before
{Heap before GC invocations=19 (full 0):
 garbage-first heap   total 198656K, used 138423K [0x0000000700000000, 0x0000000800000000)
  region size 2048K, 33 young (67584K), 4 survivors (8192K)
 Metaspace       used 89678K, committed 91648K, reserved 1179648K
  class space    used 11810K, committed 12800K, reserved 1048576K
}
Event: 5.991 GC heap after
{Heap after GC invocations=20 (full 0):
 garbage-first heap   total 198656K, used 84098K [0x0000000700000000, 0x0000000800000000)
  region size 2048K, 2 young (4096K), 2 survivors (4096K)
 Metaspace       used 89678K, committed 91648K, reserved 1179648K
  class space    used 11810K, committed 12800K, reserved 1048576K
}
Event: 6.473 GC heap before
{Heap before GC invocations=21 (full 0):
 garbage-first heap   total 198656K, used 174210K [0x0000000700000000, 0x0000000800000000)
  region size 2048K, 44 young (90112K), 2 survivors (4096K)
 Metaspace       used 95536K, committed 97664K, reserved 1179648K
  class space    used 12563K, committed 13632K, reserved 1048576K
}
Event: 6.478 GC heap after
{Heap after GC invocations=22 (full 0):
 garbage-first heap   total 198656K, used 93262K [0x0000000700000000, 0x0000000800000000)
  region size 2048K, 5 young (10240K), 5 survivors (10240K)
 Metaspace       used 95536K, committed 97664K, reserved 1179648K
  class space    used 12563K, committed 13632K, reserved 1048576K
}
Event: 6.878 GC heap before
{Heap before GC invocations=22 (full 0):
 garbage-first heap   total 198656K, used 171086K [0x0000000700000000, 0x0000000800000000)
  region size 2048K, 43 young (88064K), 5 survivors (10240K)
 Metaspace       used 102120K, committed 104320K, reserved 1179648K
  class space    used 13626K, committed 14720K, reserved 1048576K
}
Event: 6.883 GC heap after
{Heap after GC invocations=23 (full 0):
 garbage-first heap   total 239616K, used 95555K [0x0000000700000000, 0x0000000800000000)
  region size 2048K, 4 young (8192K), 4 survivors (8192K)
 Metaspace       used 102120K, committed 104320K, reserved 1179648K
  class space    used 13626K, committed 14720K, reserved 1048576K
}

Dll operation events (3 events):
Event: 0.005 Loaded shared library E:\ADS\jbr\bin\java.dll
Event: 0.008 Loaded shared library E:\ADS\jbr\bin\zip.dll
Event: 0.360 Loaded shared library E:\ADS\jbr\bin\verify.dll

Deoptimization events (20 events):
Event: 7.251 Thread 0x0000020381547530 Uncommon trap: trap_request=0xffffff45 fr.pc=0x00000203ea820ad4 relative=0x0000000000000274
Event: 7.251 Thread 0x0000020381547530 Uncommon trap: reason=unstable_if action=reinterpret pc=0x00000203ea820ad4 method=org.gradle.internal.operations.DefaultBuildOperationListenerManager$ProgressShieldingBuildOperationListener.progress(Lorg/gradle/internal/operations/OperationIdentifier;Lorg
Event: 7.251 Thread 0x0000020381547530 DEOPT PACKING pc=0x00000203ea820ad4 sp=0x00000020385f9a30
Event: 7.251 Thread 0x0000020381547530 DEOPT UNPACKING pc=0x00000203e9c846a2 sp=0x00000020385f99d8 mode 2
Event: 7.261 Thread 0x0000020381547530 Uncommon trap: trap_request=0xffffffd6 fr.pc=0x00000203eaa1e930 relative=0x0000000000001a50
Event: 7.261 Thread 0x0000020381547530 Uncommon trap: reason=array_check action=maybe_recompile pc=0x00000203eaa1e930 method=java.util.TimSort.binarySort([Ljava/lang/Object;IIILjava/util/Comparator;)V @ 193 c2
Event: 7.261 Thread 0x0000020381547530 DEOPT PACKING pc=0x00000203eaa1e930 sp=0x00000020385f9550
Event: 7.261 Thread 0x0000020381547530 DEOPT UNPACKING pc=0x00000203e9c846a2 sp=0x00000020385f9450 mode 2
Event: 7.262 Thread 0x0000020381547530 Uncommon trap: trap_request=0xffffffd6 fr.pc=0x00000203eaa1c6d8 relative=0x00000000000009f8
Event: 7.262 Thread 0x0000020381547530 Uncommon trap: reason=array_check action=maybe_recompile pc=0x00000203eaa1c6d8 method=java.util.TimSort.binarySort([Ljava/lang/Object;IIILjava/util/Comparator;)V @ 183 c2
Event: 7.262 Thread 0x0000020381547530 DEOPT PACKING pc=0x00000203eaa1c6d8 sp=0x00000020385f9470
Event: 7.262 Thread 0x0000020381547530 DEOPT UNPACKING pc=0x00000203e9c846a2 sp=0x00000020385f9440 mode 2
Event: 7.268 Thread 0x0000020381547530 Uncommon trap: trap_request=0xffffffde fr.pc=0x00000203ea9668a8 relative=0x0000000000000828
Event: 7.268 Thread 0x0000020381547530 Uncommon trap: reason=class_check action=maybe_recompile pc=0x00000203ea9668a8 method=org.gradle.internal.snapshot.impl.AbstractValueProcessor.processValue(Ljava/lang/Object;Lorg/gradle/internal/snapshot/impl/AbstractValueProcessor$ValueVisitor;)Ljava/lan
Event: 7.268 Thread 0x0000020381547530 DEOPT PACKING pc=0x00000203ea9668a8 sp=0x00000020385f9340
Event: 7.268 Thread 0x0000020381547530 DEOPT UNPACKING pc=0x00000203e9c846a2 sp=0x00000020385f92b8 mode 2
Event: 7.268 Thread 0x0000020381547530 Uncommon trap: trap_request=0xffffffde fr.pc=0x00000203ea9668a8 relative=0x0000000000000828
Event: 7.268 Thread 0x0000020381547530 Uncommon trap: reason=class_check action=maybe_recompile pc=0x00000203ea9668a8 method=org.gradle.internal.snapshot.impl.AbstractValueProcessor.processValue(Ljava/lang/Object;Lorg/gradle/internal/snapshot/impl/AbstractValueProcessor$ValueVisitor;)Ljava/lan
Event: 7.268 Thread 0x0000020381547530 DEOPT PACKING pc=0x00000203ea9668a8 sp=0x00000020385f9340
Event: 7.268 Thread 0x0000020381547530 DEOPT UNPACKING pc=0x00000203e9c846a2 sp=0x00000020385f92b8 mode 2

Classes loaded (20 events):
Event: 7.291 Loading class java/util/EnumMap$EnumMapIterator done
Event: 7.291 Loading class java/util/EnumMap$EntryIterator done
Event: 7.291 Loading class java/util/EnumMap$EntryIterator$Entry
Event: 7.291 Loading class java/util/EnumMap$EntryIterator$Entry done
Event: 7.297 Loading class javax/xml/namespace/QName
Event: 7.297 Loading class javax/xml/namespace/QName done
Event: 7.317 Loading class org/w3c/dom/ls/LSResourceResolver
Event: 7.317 Loading class org/w3c/dom/ls/LSResourceResolver done
Event: 7.317 Loading class org/xml/sax/XMLFilter
Event: 7.317 Loading class org/xml/sax/XMLReader
Event: 7.317 Loading class org/xml/sax/XMLReader done
Event: 7.317 Loading class org/xml/sax/XMLFilter done
Event: 7.317 Loading class javax/xml/transform/Source
Event: 7.317 Loading class javax/xml/transform/Source done
Event: 7.318 Loading class java/util/logging/ConsoleHandler
Event: 7.318 Loading class java/util/logging/StreamHandler
Event: 7.319 Loading class java/util/logging/StreamHandler done
Event: 7.319 Loading class java/util/logging/ConsoleHandler done
Event: 7.328 Loading class java/lang/StackTraceElement$HashedModules
Event: 7.328 Loading class java/lang/StackTraceElement$HashedModules done

Classes unloaded (0 events):
No events

Classes redefined (0 events):
No events

Internal exceptions (20 events):
Event: 7.057 Thread 0x0000020381547530 Exception <a 'java/lang/ClassNotFoundException'{0x000000070bff14f8}: org/gradle/plugin/software/internal/SoftwareFeaturesDynamicObjectCustomizer> (0x000000070bff14f8) 
thrown [s\src\hotspot\share\classfile\systemDictionary.cpp, line 312]
Event: 7.057 Thread 0x0000020381547530 Exception <a 'java/lang/ClassNotFoundException'{0x000000070bc02e58}: org/gradle/plugin/software/internal/SoftwareFeaturesDynamicObject_DecoratedCustomizer> (0x000000070bc02e58) 
thrown [s\src\hotspot\share\classfile\systemDictionary.cpp, line 312]
Event: 7.059 Thread 0x0000020381547530 Exception <a 'java/lang/ClassNotFoundException'{0x000000070bc42958}: org/gradle/api/internal/plugins/NaggingBasePluginConventionBeanInfo> (0x000000070bc42958) 
thrown [s\src\hotspot\share\classfile\systemDictionary.cpp, line 312]
Event: 7.059 Thread 0x0000020381547530 Exception <a 'java/lang/ClassNotFoundException'{0x000000070bc4e368}: org/gradle/api/plugins/BasePluginConventionBeanInfo> (0x000000070bc4e368) 
thrown [s\src\hotspot\share\classfile\systemDictionary.cpp, line 312]
Event: 7.059 Thread 0x0000020381547530 Exception <a 'java/lang/ClassNotFoundException'{0x000000070bc59d40}: org/gradle/api/plugins/BasePluginConventionCustomizer> (0x000000070bc59d40) 
thrown [s\src\hotspot\share\classfile\systemDictionary.cpp, line 312]
Event: 7.059 Thread 0x0000020381547530 Exception <a 'java/lang/ClassNotFoundException'{0x000000070bc71850}: org/gradle/api/internal/plugins/NaggingBasePluginConventionCustomizer> (0x000000070bc71850) 
thrown [s\src\hotspot\share\classfile\systemDictionary.cpp, line 312]
Event: 7.061 Thread 0x0000020381547530 Exception <a 'java/lang/ClassNotFoundException'{0x000000070bcae480}: org/gradle/api/plugins/internal/NaggingJavaPluginConventionBeanInfo> (0x000000070bcae480) 
thrown [s\src\hotspot\share\classfile\systemDictionary.cpp, line 312]
Event: 7.061 Thread 0x0000020381547530 Exception <a 'java/lang/ClassNotFoundException'{0x000000070bcb9e90}: org/gradle/api/plugins/JavaPluginConventionBeanInfo> (0x000000070bcb9e90) 
thrown [s\src\hotspot\share\classfile\systemDictionary.cpp, line 312]
Event: 7.061 Thread 0x0000020381547530 Exception <a 'java/lang/ClassNotFoundException'{0x000000070bcc5868}: org/gradle/api/plugins/JavaPluginConventionCustomizer> (0x000000070bcc5868) 
thrown [s\src\hotspot\share\classfile\systemDictionary.cpp, line 312]
Event: 7.061 Thread 0x0000020381547530 Exception <a 'java/lang/ClassNotFoundException'{0x000000070bce6e18}: org/gradle/api/plugins/internal/NaggingJavaPluginConventionCustomizer> (0x000000070bce6e18) 
thrown [s\src\hotspot\share\classfile\systemDictionary.cpp, line 312]
Event: 7.111 Thread 0x0000020381547530 Implicit null exception at 0x00000203ea475cfc to 0x00000203ea475d2c
Event: 7.151 Thread 0x0000020381547530 Exception <a 'java/lang/NoSuchMethodError'{0x000000070b067d88}: 'java.lang.Object java.lang.invoke.DirectMethodHandle$Holder.newInvokeSpecial(java.lang.Object, java.lang.Object, java.lang.Object, java.lang.Object, java.lang.Object, java.lang.Object, int)'> (0x000000070b067d88) 
thrown [s\src\hotspot\share\interpreter\linkResolver.cpp, line 784]
Event: 7.151 Thread 0x0000020381547530 Exception <a 'java/lang/NoSuchMethodError'{0x000000070b06cd08}: 'java.lang.Object java.lang.invoke.DirectMethodHandle$Holder.invokeSpecial(java.lang.Object, java.lang.Object, java.lang.Object, java.lang.Object, java.lang.Object, java.lang.Object, java.lang.Object, int)'> (0x000000070b06cd08) 
thrown [s\src\hotspot\share\interpreter\linkResolver.cpp, line 784]
Event: 7.151 Thread 0x0000020381547530 Exception <a 'java/lang/NoSuchMethodError'{0x000000070b071610}: 'java.lang.Object java.lang.invoke.Invokers$Holder.linkToTargetMethod(java.lang.Object, java.lang.Object, java.lang.Object, java.lang.Object, java.lang.Object, int, java.lang.Object)'> (0x000000070b071610) 
thrown [s\src\hotspot\share\interpreter\linkResolver.cpp, line 784]
Event: 7.197 Thread 0x0000020381547530 Implicit null exception at 0x00000203ea430757 to 0x00000203ea43218c
Event: 7.237 Thread 0x0000020381547530 Exception <a 'java/lang/IncompatibleClassChangeError'{0x000000070a0c7d48}: Found class java.lang.Object, but interface was expected> (0x000000070a0c7d48) 
thrown [s\src\hotspot\share\interpreter\linkResolver.cpp, line 851]
Event: 7.291 Thread 0x0000020381547530 Exception <a 'sun/nio/fs/WindowsException'{0x00000007099d74e8}> (0x00000007099d74e8) 
thrown [s\src\hotspot\share\prims\jni.cpp, line 535]
Event: 7.291 Thread 0x0000020381547530 Exception <a 'sun/nio/fs/WindowsException'{0x00000007099d8a50}> (0x00000007099d8a50) 
thrown [s\src\hotspot\share\prims\jni.cpp, line 535]
Event: 7.291 Thread 0x0000020381547530 Exception <a 'sun/nio/fs/WindowsException'{0x00000007099da060}> (0x00000007099da060) 
thrown [s\src\hotspot\share\prims\jni.cpp, line 535]
Event: 7.291 Thread 0x0000020381547530 Exception <a 'sun/nio/fs/WindowsException'{0x00000007099db670}> (0x00000007099db670) 
thrown [s\src\hotspot\share\prims\jni.cpp, line 535]

ZGC Phase Switch (0 events):
No events

VM Operations (20 events):
Event: 6.224 Executing VM operation: ICBufferFull
Event: 6.224 Executing VM operation: ICBufferFull done
Event: 6.446 Executing VM operation: HandshakeAllThreads (Deoptimize)
Event: 6.446 Executing VM operation: HandshakeAllThreads (Deoptimize) done
Event: 6.473 Executing VM operation: G1CollectForAllocation (G1 Evacuation Pause)
Event: 6.478 Executing VM operation: G1CollectForAllocation (G1 Evacuation Pause) done
Event: 6.834 Executing VM operation: ICBufferFull
Event: 6.834 Executing VM operation: ICBufferFull done
Event: 6.878 Executing VM operation: G1CollectForAllocation (G1 Evacuation Pause)
Event: 6.883 Executing VM operation: G1CollectForAllocation (G1 Evacuation Pause) done
Event: 7.097 Executing VM operation: HandshakeAllThreads (Deoptimize)
Event: 7.097 Executing VM operation: HandshakeAllThreads (Deoptimize) done
Event: 7.112 Executing VM operation: ICBufferFull
Event: 7.112 Executing VM operation: ICBufferFull done
Event: 7.126 Executing VM operation: HandshakeAllThreads (Deoptimize)
Event: 7.126 Executing VM operation: HandshakeAllThreads (Deoptimize) done
Event: 7.297 Executing VM operation: ICBufferFull
Event: 7.298 Executing VM operation: ICBufferFull done
Event: 7.327 Executing VM operation: HandshakeAllThreads (Deoptimize)
Event: 7.327 Executing VM operation: HandshakeAllThreads (Deoptimize) done

Memory protections (0 events):
No events

Nmethod flushes (20 events):
Event: 6.006 Thread 0x00000203fa6ed290 flushing  nmethod 0x00000203e311bf10
Event: 6.006 Thread 0x00000203fa6ed290 flushing  nmethod 0x00000203e311c710
Event: 6.006 Thread 0x00000203fa6ed290 flushing  nmethod 0x00000203e3188490
Event: 6.006 Thread 0x00000203fa6ed290 flushing  nmethod 0x00000203e3188890
Event: 6.006 Thread 0x00000203fa6ed290 flushing  nmethod 0x00000203e318b090
Event: 6.006 Thread 0x00000203fa6ed290 flushing  nmethod 0x00000203e318ef90
Event: 6.006 Thread 0x00000203fa6ed290 flushing  nmethod 0x00000203e318f490
Event: 6.006 Thread 0x00000203fa6ed290 flushing  nmethod 0x00000203e31c0a10
Event: 6.006 Thread 0x00000203fa6ed290 flushing  nmethod 0x00000203e32cc210
Event: 6.006 Thread 0x00000203fa6ed290 flushing  nmethod 0x00000203e32cc710
Event: 6.006 Thread 0x00000203fa6ed290 flushing  nmethod 0x00000203e32d0190
Event: 6.006 Thread 0x00000203fa6ed290 flushing  nmethod 0x00000203e337e290
Event: 6.006 Thread 0x00000203fa6ed290 flushing  nmethod 0x00000203e3507f90
Event: 6.006 Thread 0x00000203fa6ed290 flushing  nmethod 0x00000203e350af90
Event: 6.006 Thread 0x00000203fa6ed290 flushing  nmethod 0x00000203e350b790
Event: 6.006 Thread 0x00000203fa6ed290 flushing  nmethod 0x00000203e350bf90
Event: 6.006 Thread 0x00000203fa6ed290 flushing  nmethod 0x00000203e350c710
Event: 6.006 Thread 0x00000203fa6ed290 flushing  nmethod 0x00000203e350d890
Event: 6.006 Thread 0x00000203fa6ed290 flushing  nmethod 0x00000203e350f590
Event: 6.006 Thread 0x00000203fa6ed290 flushing  nmethod 0x00000203e3586590

Events (20 events):
Event: 2.521 Thread 0x0000020381547530 Thread added: 0x000002038154ca80
Event: 2.540 Thread 0x0000020381547530 Thread added: 0x00000203844a26c0
Event: 2.629 Thread 0x0000020381547530 Thread added: 0x00000203844a2d50
Event: 2.772 Thread 0x0000020381547530 Thread added: 0x00000203844a33e0
Event: 2.809 Thread 0x0000020381547530 Thread added: 0x00000203844a0c80
Event: 3.123 Thread 0x0000020381547530 Thread added: 0x000002038449ff60
Event: 3.157 Thread 0x0000020381547530 Thread added: 0x00000203844a4790
Event: 3.207 Thread 0x0000020381547530 Thread added: 0x00000203844a4e20
Event: 3.227 Thread 0x0000020381547530 Thread added: 0x00000203844a4100
Event: 3.243 Thread 0x0000020381547530 Thread added: 0x00000203844a2030
Event: 3.253 Thread 0x0000020381547530 Thread added: 0x00000203844a19a0
Event: 3.263 Thread 0x0000020381547530 Thread added: 0x00000203844a5b40
Event: 3.271 Thread 0x0000020381547530 Thread added: 0x00000203844a54b0
Event: 4.181 Thread 0x0000020381547530 Thread added: 0x00000203844a3a70
Event: 4.215 Thread 0x0000020381547530 Thread added: 0x00000203844a7580
Event: 4.366 Thread 0x0000020381547530 Thread added: 0x0000020385c4f500
Event: 5.250 Thread 0x0000020381547530 Thread added: 0x0000020385c4c080
Event: 5.443 Thread 0x0000020381547530 Thread added: 0x0000020385c4e7e0
Event: 5.983 Thread 0x0000020381547530 Thread added: 0x0000020385c4cda0
Event: 6.781 Thread 0x00000203faa7aae0 Thread exited: 0x00000203faa7aae0


Dynamic libraries:
0x00007ff6d70e0000 - 0x00007ff6d70ea000 	E:\ADS\jbr\bin\java.exe
0x00007ffe0cb00000 - 0x00007ffe0cd69000 	C:\WINDOWS\SYSTEM32\ntdll.dll
0x00007ffe0b8f0000 - 0x00007ffe0b9b9000 	C:\WINDOWS\System32\KERNEL32.DLL
0x00007ffe0a070000 - 0x00007ffe0a463000 	C:\WINDOWS\System32\KERNELBASE.dll
0x00007ffe09e50000 - 0x00007ffe09f9b000 	C:\WINDOWS\System32\ucrtbase.dll
0x00007ffdda3c0000 - 0x00007ffdda3d8000 	E:\ADS\jbr\bin\jli.dll
0x00007ffd65120000 - 0x00007ffd6513b000 	E:\ADS\jbr\bin\VCRUNTIME140.dll
0x00007ffe0c310000 - 0x00007ffe0c4d4000 	C:\WINDOWS\System32\USER32.dll
0x00007ffe09fa0000 - 0x00007ffe09fc7000 	C:\WINDOWS\System32\win32u.dll
0x00007ffdef700000 - 0x00007ffdef993000 	C:\WINDOWS\WinSxS\amd64_microsoft.windows.common-controls_6595b64144ccf1df_6.0.26100.5074_none_3e0d6f78e32fd63f\COMCTL32.dll
0x00007ffe0b6b0000 - 0x00007ffe0b6db000 	C:\WINDOWS\System32\GDI32.dll
0x00007ffe0ab90000 - 0x00007ffe0ac39000 	C:\WINDOWS\System32\msvcrt.dll
0x00007ffe09c90000 - 0x00007ffe09dbd000 	C:\WINDOWS\System32\gdi32full.dll
0x00007ffe0a530000 - 0x00007ffe0a5d3000 	C:\WINDOWS\System32\msvcp_win.dll
0x00007ffe0c950000 - 0x00007ffe0c97f000 	C:\WINDOWS\System32\IMM32.DLL
0x00007ffdcaf10000 - 0x00007ffdcaf1c000 	E:\ADS\jbr\bin\vcruntime140_1.dll
0x00007ffdab0c0000 - 0x00007ffdab14d000 	E:\ADS\jbr\bin\msvcp140.dll
0x00007ffd65140000 - 0x00007ffd65dcb000 	E:\ADS\jbr\bin\server\jvm.dll
0x00007ffe0ca00000 - 0x00007ffe0cab4000 	C:\WINDOWS\System32\ADVAPI32.dll
0x00007ffe0b570000 - 0x00007ffe0b616000 	C:\WINDOWS\System32\sechost.dll
0x00007ffe0b100000 - 0x00007ffe0b218000 	C:\WINDOWS\System32\RPCRT4.dll
0x00007ffe0b9e0000 - 0x00007ffe0ba54000 	C:\WINDOWS\System32\WS2_32.dll
0x00007ffe08860000 - 0x00007ffe088be000 	C:\WINDOWS\SYSTEM32\POWRPROF.dll
0x00007ffdfd320000 - 0x00007ffdfd355000 	C:\WINDOWS\SYSTEM32\WINMM.dll
0x00007ffe07590000 - 0x00007ffe0759b000 	C:\WINDOWS\SYSTEM32\VERSION.dll
0x00007ffe08840000 - 0x00007ffe08854000 	C:\WINDOWS\SYSTEM32\UMPDC.dll
0x00007ffe08b50000 - 0x00007ffe08b6b000 	C:\WINDOWS\SYSTEM32\kernel.appcore.dll
0x00007ffdca520000 - 0x00007ffdca52a000 	E:\ADS\jbr\bin\jimage.dll
0x00007ffe067a0000 - 0x00007ffe069e2000 	C:\WINDOWS\SYSTEM32\DBGHELP.DLL
0x00007ffe0c530000 - 0x00007ffe0c8ab000 	C:\WINDOWS\System32\combase.dll
0x00007ffe0a8d0000 - 0x00007ffe0a9a7000 	C:\WINDOWS\System32\OLEAUT32.dll
0x00007ffdee7f0000 - 0x00007ffdee82d000 	C:\WINDOWS\SYSTEM32\dbgcore.DLL
0x00007ffe09fd0000 - 0x00007ffe0a069000 	C:\WINDOWS\System32\bcryptPrimitives.dll
0x00007ffdcbda0000 - 0x00007ffdcbdae000 	E:\ADS\jbr\bin\instrument.dll
0x00007ffd65100000 - 0x00007ffd65120000 	E:\ADS\jbr\bin\java.dll
0x00007ffd650e0000 - 0x00007ffd650f8000 	E:\ADS\jbr\bin\zip.dll
0x00007ffe0ba60000 - 0x00007ffe0c1ad000 	C:\WINDOWS\System32\SHELL32.dll
0x00007ffe0a760000 - 0x00007ffe0a8cc000 	C:\WINDOWS\System32\wintypes.dll
0x00007ffe07830000 - 0x00007ffe08089000 	C:\WINDOWS\SYSTEM32\windows.storage.dll
0x00007ffe0b6e0000 - 0x00007ffe0b7d0000 	C:\WINDOWS\System32\SHCORE.dll
0x00007ffe0b500000 - 0x00007ffe0b562000 	C:\WINDOWS\System32\shlwapi.dll
0x00007ffe09b70000 - 0x00007ffe09b99000 	C:\WINDOWS\SYSTEM32\profapi.dll
0x00007ffdc8500000 - 0x00007ffdc8510000 	E:\ADS\jbr\bin\net.dll
0x00007ffe020b0000 - 0x00007ffe021cf000 	C:\WINDOWS\SYSTEM32\WINHTTP.dll
0x00007ffe090d0000 - 0x00007ffe0913b000 	C:\WINDOWS\system32\mswsock.dll
0x00007ffd65040000 - 0x00007ffd65056000 	E:\ADS\jbr\bin\nio.dll
0x00007ffe009a0000 - 0x00007ffe009b0000 	E:\ADS\jbr\bin\verify.dll
0x00007ffd96d40000 - 0x00007ffd96d67000 	C:\Users\rin\scoop\apps\gradle\current\.gradle\native\1def1411415f61bf3af743bc5b6707747c0891f09f0c88961ee8f79bc544acac\windows-amd64\native-platform.dll
0x00007ffd96f50000 - 0x00007ffd96fc8000 	C:\Users\rin\scoop\apps\gradle\current\.gradle\native\0.2.7\x86_64-windows-gnu\gradle-fileevents.dll
0x00007ffe02c50000 - 0x00007ffe02c59000 	E:\ADS\jbr\bin\management.dll
0x00007ffe009f0000 - 0x00007ffe009fb000 	E:\ADS\jbr\bin\management_ext.dll
0x00007ffe0b8e0000 - 0x00007ffe0b8e8000 	C:\WINDOWS\System32\PSAPI.DLL
0x00007ffe08490000 - 0x00007ffe084c4000 	C:\WINDOWS\SYSTEM32\IPHLPAPI.DLL
0x00007ffe0b9d0000 - 0x00007ffe0b9da000 	C:\WINDOWS\System32\NSI.dll
0x00007ffe02c60000 - 0x00007ffe02c69000 	E:\ADS\jbr\bin\extnet.dll
0x00007ffe09370000 - 0x00007ffe0938b000 	C:\WINDOWS\SYSTEM32\CRYPTSP.dll
0x00007ffe08ab0000 - 0x00007ffe08aeb000 	C:\WINDOWS\system32\rsaenh.dll
0x00007ffe09170000 - 0x00007ffe0919b000 	C:\WINDOWS\SYSTEM32\USERENV.dll
0x00007ffe09b40000 - 0x00007ffe09b66000 	C:\WINDOWS\SYSTEM32\bcrypt.dll
0x00007ffe09390000 - 0x00007ffe0939c000 	C:\WINDOWS\SYSTEM32\CRYPTBASE.dll
0x00007ffded1b0000 - 0x00007ffded1b8000 	C:\WINDOWS\system32\wshunix.dll

dbghelp: loaded successfully - version: 4.0.5 - missing functions: none
symbol engine: initialized successfully - sym options: 0x614 - pdb path: .;E:\ADS\jbr\bin;C:\WINDOWS\SYSTEM32;C:\WINDOWS\WinSxS\amd64_microsoft.windows.common-controls_6595b64144ccf1df_6.0.26100.5074_none_3e0d6f78e32fd63f;E:\ADS\jbr\bin\server;C:\Users\rin\scoop\apps\gradle\current\.gradle\native\1def1411415f61bf3af743bc5b6707747c0891f09f0c88961ee8f79bc544acac\windows-amd64;C:\Users\rin\scoop\apps\gradle\current\.gradle\native\0.2.7\x86_64-windows-gnu

VM Arguments:
jvm_args: --add-opens=java.base/java.lang=ALL-UNNAMED --add-opens=java.base/java.lang.invoke=ALL-UNNAMED --add-opens=java.base/java.util=ALL-UNNAMED --add-opens=java.prefs/java.util.prefs=ALL-UNNAMED --add-exports=jdk.compiler/com.sun.tools.javac.api=ALL-UNNAMED --add-exports=jdk.compiler/com.sun.tools.javac.util=ALL-UNNAMED --add-opens=java.base/java.util=ALL-UNNAMED --add-opens=java.prefs/java.util.prefs=ALL-UNNAMED --add-opens=java.base/java.nio.charset=ALL-UNNAMED --add-opens=java.base/java.net=ALL-UNNAMED --add-opens=java.base/java.util.concurrent.atomic=ALL-UNNAMED --add-opens=java.xml/javax.xml.namespace=ALL-UNNAMED -Xmx4g -Dfile.encoding=UTF-8 -Duser.country=CN -Duser.language=zh -Duser.variant -javaagent:C:\Users\rin\scoop\apps\gradle\current\.gradle\wrapper\dists\gradle-8.13-bin\5xuhj0ry160q40clulazy9h7d\gradle-8.13\lib\agents\gradle-instrumentation-agent-8.13.jar 
java_command: org.gradle.launcher.daemon.bootstrap.GradleDaemon 8.13
java_class_path (initial): C:\Users\rin\scoop\apps\gradle\current\.gradle\wrapper\dists\gradle-8.13-bin\5xuhj0ry160q40clulazy9h7d\gradle-8.13\lib\gradle-daemon-main-8.13.jar
Launcher Type: SUN_STANDARD

[Global flags]
     intx CICompilerCount                          = 12                                        {product} {ergonomic}
     uint ConcGCThreads                            = 4                                         {product} {ergonomic}
     uint G1ConcRefinementThreads                  = 15                                        {product} {ergonomic}
   size_t G1HeapRegionSize                         = 2097152                                   {product} {ergonomic}
    uintx GCDrainStackTargetSize                   = 64                                        {product} {ergonomic}
   size_t InitialHeapSize                          = 264241152                                 {product} {ergonomic}
   size_t MarkStackSize                            = 4194304                                   {product} {ergonomic}
   size_t MaxHeapSize                              = 4294967296                                {product} {command line}
   size_t MaxNewSize                               = 2575302656                                {product} {ergonomic}
   size_t MinHeapDeltaBytes                        = 2097152                                   {product} {ergonomic}
   size_t MinHeapSize                              = 8388608                                   {product} {ergonomic}
    uintx NonNMethodCodeHeapSize                   = 7602480                                {pd product} {ergonomic}
    uintx NonProfiledCodeHeapSize                  = 122027880                              {pd product} {ergonomic}
    uintx ProfiledCodeHeapSize                     = 122027880                              {pd product} {ergonomic}
    uintx ReservedCodeCacheSize                    = 251658240                              {pd product} {ergonomic}
     bool SegmentedCodeCache                       = true                                      {product} {ergonomic}
   size_t SoftMaxHeapSize                          = 4294967296                             {manageable} {ergonomic}
     bool UseCompressedOops                        = true                           {product lp64_product} {ergonomic}
     bool UseG1GC                                  = true                                      {product} {ergonomic}
     bool UseLargePagesIndividualAllocation        = false                                  {pd product} {ergonomic}

Logging:
Log output configuration:
 #0: stdout all=warning uptime,level,tags foldmultilines=false
 #1: stderr all=off uptime,level,tags foldmultilines=false

Environment Variables:
JAVA_HOME=C:\Program Files\Eclipse Adoptium\jdk-17.0.18.8-hotspot\
PATH=C:\Program Files\Eclipse Adoptium\jdk-17.0.18.8-hotspot\bin;C:\Program Files\Eclipse Adoptium\jdk-8.0.482.8-hotspot\bin;E:\VulkanSDK\1.3.275.0\Bin;E:\vullkan\Bin;D:\Ancaonda\condabin;E:\vk\Bin;C:\Program Files (x86)\Common Files\Oracle\Java\java8path;C:\Program Files (x86)\Common Files\Oracle\Java\javapath;C:\Windows\system32;C:\Windows;C:\Windows\System32\Wbem;C:\Windows\System32\WindowsPowerShell\v1.0\;C:\Windows\System32\OpenSSH\;C:\Program Files (x86)\NVIDIA Corporation\PhysX\Common;C:\Program Files\dotnet\;C:\WINDOWS\system32;C:\WINDOWS;C:\WINDOWS\System32\Wbem;C:\WINDOWS\System32\WindowsPowerShell\v1.0\;C:\WINDOWS\System32\OpenSSH\;C:\Program Files\Microsoft SQL Server\150\Tools\Binn\;C:\Program Files\Microsoft SQL Server\Client SDK\ODBC\170\Tools\Binn\;C:\Program Files (x86)\Windows Kits\10\Windows Performance Toolkit\;C:\Program Files\MySQL\MySQL Server 8.3\bin;D:\maven\apache-maven-3.6.3\bin;D:\Git\cmd;C:\Program Files\nodejs\;c:\Users\rin\AppData\Local\Programs\cursor\resources\app\bin;C:\Program Files\Common Files\Autodesk Shared\;C:\Program Files\NVIDIA Corporation\NVIDIA app\NvDLISR;C:\Program Files (x86)\GtkSharp\2.12\bin;E:\cmake\bin;E:\tools\;E:\New Folder\bin;;C:\WINDOWS\system32;C:\WINDOWS;C:\WINDOWS\System32\Wbem;C:\WINDOWS\System32\WindowsPowerShell\v1.0\;C:\WINDOWS\System32\OpenSSH\;C:\Program Files\Docker\Docker\resources\bin;C:\Users\rin\scoop\shims;e:\Trae CN\bin;C:\Users\rin\AppData\Local\Microsoft\WindowsApps;C:\Users\rin\.dotnet\tools;D:\soft\Microsoft VS Code\bin;C:\Users\rin\AppData\Local\GitHubDesktop\bin;D:\IntelliJ IDEA 2023.3.4\bin;D:\apache-tomcat-8.5.100-windows-x64\apache-tomcat-8\bin;D:\apache-tomcat-8.5.100-windows-x64\apache-tomcat-8\lib;D:\PyCharm 2024.2.3\bin;C:\Users\rin\AppData\Roaming\npm;E:\JetBrains Rider 2024.3.6\bin;D:\Ancaonda;D:\Ancaonda\Scripts;D:\Ancaonda\Library\mingw-w64\bin;D:\Ancaonda\Library\usr\bin;C:\Users\rin\AppData\Local\Programs\cursor\resources\app\bin;E:\mdbSl\;E:\mingw\bin;E:\sdk\platform-tools;C:\Users\rin\AppData\Local\Microsoft\WindowsApps;
USERNAME=rin
OS=Windows_NT
PROCESSOR_IDENTIFIER=Intel64 Family 6 Model 154 Stepping 3, GenuineIntel
TMP=C:\Users\rin\AppData\Local\Temp
TEMP=C:\Users\rin\AppData\Local\Temp




Periodic native trim disabled

JNI global refs:
JNI global refs: 37, weak refs: 0

JNI global refs memory usage: 835, weak refs: 833

Process memory usage:
Resident Set Size: 537596K (3% of 16388652K total physical memory with 1813112K free physical memory)

OOME stack traces (most recent first):
Classloader memory used:
