
  .   ____          _            __ _ _
 /\\ / ___'_ __ _ _(_)_ __  __ _ \ \ \ \
( ( )\___ | '_ | '_| | '_ \/ _` | \ \ \ \
 \\/  ___)| |_)| | | | | || (_| |  ) ) ) )
  '  |____| .__|_| |_|_| |_\__, | / / / /
 =========|_|==============|___/=/_/_/_/

 :: Spring Boot ::                (v3.3.5)

2026-02-14T02:25:38.215+08:00  INFO 28772 --- [           main] c.animegen.api.AnimeGenApiApplication    : Starting AnimeGenApiApplication using Java 17.0.18 with PID 28772 (E:\projrcts\ai_web\animegen-api\target\animegen-api-0.1.0-SNAPSHOT.jar started by rin in E:\projrcts\ai_web)
2026-02-14T02:25:38.217+08:00  INFO 28772 --- [           main] c.animegen.api.AnimeGenApiApplication    : No active profile set, falling back to 1 default profile: "default"
2026-02-14T02:25:38.889+08:00  INFO 28772 --- [           main] .s.d.r.c.RepositoryConfigurationDelegate : Multiple Spring Data modules found, entering strict repository configuration mode
2026-02-14T02:25:38.893+08:00  INFO 28772 --- [           main] .s.d.r.c.RepositoryConfigurationDelegate : Bootstrapping Spring Data Redis repositories in DEFAULT mode.
2026-02-14T02:25:38.930+08:00  INFO 28772 --- [           main] .s.d.r.c.RepositoryConfigurationDelegate : Finished Spring Data repository scanning in 15 ms. Found 0 Redis repository interfaces.
2026-02-14T02:25:47.522+08:00  INFO 28772 --- [           main] o.s.b.w.embedded.tomcat.TomcatWebServer  : Tomcat initialized with port 8080 (http)
2026-02-14T02:25:47.526+08:00  INFO 28772 --- [           main] o.a.catalina.core.AprLifecycleListener   : An older version [1.2.39] of the Apache Tomcat Native library is installed, while Tomcat recommends a minimum version of [2.0.5]
2026-02-14T02:25:47.527+08:00  INFO 28772 --- [           main] o.a.catalina.core.AprLifecycleListener   : Loaded Apache Tomcat Native library [1.2.39] using APR version [1.7.4].
2026-02-14T02:25:47.549+08:00  INFO 28772 --- [           main] o.a.catalina.core.AprLifecycleListener   : OpenSSL successfully initialized [OpenSSL 3.0.11 19 Sep 2023]
2026-02-14T02:25:47.561+08:00  INFO 28772 --- [           main] o.apache.catalina.core.StandardService   : Starting service [Tomcat]
2026-02-14T02:25:47.561+08:00  INFO 28772 --- [           main] o.apache.catalina.core.StandardEngine    : Starting Servlet engine: [Apache Tomcat/10.1.31]
2026-02-14T02:25:47.600+08:00  INFO 28772 --- [           main] o.a.c.c.C.[Tomcat].[localhost].[/]       : Initializing Spring embedded WebApplicationContext
2026-02-14T02:25:47.600+08:00  INFO 28772 --- [           main] w.s.c.ServletWebServerApplicationContext : Root WebApplicationContext: initialization completed in 9321 ms
2026-02-14T02:25:49.309+08:00  INFO 28772 --- [           main] o.s.b.w.embedded.tomcat.TomcatWebServer  : Tomcat started on port 8080 (http) with context path '/'
2026-02-14T02:25:49.345+08:00  INFO 28772 --- [           main] c.animegen.api.AnimeGenApiApplication    : Started AnimeGenApiApplication in 11.641 seconds (process running for 12.131)
